<?xml version="1.0" encoding="UTF-8"?>
<!-- Generated by org.testng.reporters.JUnitXMLReporter -->
<testsuite hostname="L-BG-P10405304" ignored="2" name="Contractor Set Up Tests" tests="2" failures="0" timestamp="01 Jan 2018 09:12:06 GMT" time="78.927" errors="0">
  <testcase name="addContractorToAContract" time="37.849" classname="uk.co.capita.advantagecontractor.tests.contractsetup.attachcontractors.AddContractorToAContractTest"/>
  <testcase name="editAttachedContractor" time="40.777" classname="uk.co.capita.advantagecontractor.tests.contractsetup.attachcontractors.EditAttachedContractorTest"/>
  <testcase name="@BeforeSuite isEnvUp" time="0.0" classname="uk.co.capita.advantagecontractor.basetest.BaseTest">
    <ignored/>
  </testcase> <!-- @BeforeSuite isEnvUp -->
  <testcase name="@AfterTest tearDown" time="0.0" classname="uk.co.capita.advantagecontractor.basetest.BaseTest">
    <ignored/>
  </testcase> <!-- @AfterTest tearDown -->
</testsuite> <!-- Contractor Set Up Tests -->
