<?xml version="1.0" encoding="UTF-8"?>
<!-- Generated by org.testng.reporters.JUnitXMLReporter -->
<testsuite hostname="L-BG-P10405304" ignored="0" name="LoginWithInvalidCredTest" tests="1" failures="1" timestamp="01 Dec 2017 11:49:04 GMT" time="0.665" errors="0">
  <testcase name="loginWithInvalidCredTest" time="0.606" classname="uk.co.capita.advantagecontractor.tests.LoginWithInvalidCredTest">
    <failure type="java.lang.NullPointerException">
      <![CDATA[java.lang.NullPointerException
	at uk.co.capita.advantagecontractor.basetest.BaseTest.takeScreenShot(BaseTest.java:269)
	at uk.co.capita.advantagecontractor.basetest.BaseTest.reportFailure(BaseTest.java:249)
	at uk.co.capita.advantagecontractor.basetest.BaseTest.initialize(BaseTest.java:96)
	at uk.co.capita.advantagecontractor.tests.LoginWithInvalidCredTest.loginWithInvalidCredTest(LoginWithInvalidCredTest.java:41)
... Removed 25 stack frames]]>
    </failure>
  </testcase> <!-- loginWithInvalidCredTest -->
</testsuite> <!-- LoginWithInvalidCredTest -->
