<?xml version="1.0" encoding="UTF-8"?>
<!-- Generated by org.testng.reporters.JUnitXMLReporter -->
<testsuite hostname="L-BG-P10405304" ignored="0" name="Login and Create A new Job" tests="1" failures="1" timestamp="15 Aug 2017 09:03:09 GMT" time="306.285" errors="0">
  <testcase name="loginAndCreateANewJob" time="305.718" classname="uk.co.capita.advantagecontractor.tests.LoginAndCreateANewJobTest">
    <failure type="org.openqa.selenium.TimeoutException" message="Timeout loading page after 300000ms
Build info: version: &amp;apos;3.4.0&amp;apos;, revision: &amp;apos;unknown&amp;apos;, time: &amp;apos;unknown&amp;apos;
System info: host: &amp;apos;L-BG-P10405304&amp;apos;, ip: &amp;apos;192.168.43.54&amp;apos;, os.name: &amp;apos;Windows 10&amp;apos;, os.arch: &amp;apos;amd64&amp;apos;, os.version: &amp;apos;10.0&amp;apos;, java.version: &amp;apos;1.8.0_131&amp;apos;
Driver info: org.openqa.selenium.firefox.FirefoxDriver
Capabilities [{moz:profile=C:\Users\P10405~1\AppData\Local\Temp\rust_mozprofile.5eEyI1ZhMgI0, rotatable=false, timeouts={implicit=0.0, pageLoad=300000.0, script=30000.0}, pageLoadStrategy=normal, platform=ANY, specificationLevel=0.0, moz:accessibilityChecks=false, acceptInsecureCerts=true, browserVersion=54.0.1, platformVersion=10.0, moz:processID=18304.0, browserName=firefox, javascriptEnabled=true, platformName=windows_nt}]
Session ID: c9f73c31-2da3-470b-814d-9bd64de73919">
      <![CDATA[org.openqa.selenium.TimeoutException: Timeout loading page after 300000ms
Build info: version: '3.4.0', revision: 'unknown', time: 'unknown'
System info: host: 'L-BG-P10405304', ip: '192.168.43.54', os.name: 'Windows 10', os.arch: 'amd64', os.version: '10.0', java.version: '1.8.0_131'
Driver info: org.openqa.selenium.firefox.FirefoxDriver
Capabilities [{moz:profile=C:\Users\P10405~1\AppData\Local\Temp\rust_mozprofile.5eEyI1ZhMgI0, rotatable=false, timeouts={implicit=0.0, pageLoad=300000.0, script=30000.0}, pageLoadStrategy=normal, platform=ANY, specificationLevel=0.0, moz:accessibilityChecks=false, acceptInsecureCerts=true, browserVersion=54.0.1, platformVersion=10.0, moz:processID=18304.0, browserName=firefox, javascriptEnabled=true, platformName=windows_nt}]
Session ID: c9f73c31-2da3-470b-814d-9bd64de73919
	at org.openqa.selenium.remote.http.W3CHttpResponseCodec.createException(W3CHttpResponseCodec.java:150)
	at org.openqa.selenium.remote.http.W3CHttpResponseCodec.decode(W3CHttpResponseCodec.java:115)
	at org.openqa.selenium.remote.http.W3CHttpResponseCodec.decode(W3CHttpResponseCodec.java:45)
	at org.openqa.selenium.remote.HttpCommandExecutor.execute(HttpCommandExecutor.java:164)
	at org.openqa.selenium.remote.service.DriverCommandExecutor.execute(DriverCommandExecutor.java:82)
	at org.openqa.selenium.remote.RemoteWebDriver.execute(RemoteWebDriver.java:637)
	at org.openqa.selenium.remote.RemoteWebDriver.get(RemoteWebDriver.java:364)
	at org.openqa.selenium.remote.RemoteWebDriver$RemoteNavigation.to(RemoteWebDriver.java:945)
	at uk.co.capita.advantagecontractor.pages.LaunchPage.goToLoginPage(LaunchPage.java:22)
	at uk.co.capita.advantagecontractor.tests.LoginAndCreateANewJobTest.loginAndCreateANewJob(LoginAndCreateANewJobTest.java:42)
... Removed 29 stack frames]]>
    </failure>
  </testcase> <!-- loginAndCreateANewJob -->
</testsuite> <!-- Login and Create A new Job -->
